---
COMMAND: ls
  EXIT CODES -> Minishell: 0 | Bash: 0
  OUTPUT DIFF:
--- minishell_output.log	2025-10-24 15:14:11.592355070 +0100
+++ bash_output.log	2025-10-24 15:14:11.592355070 +0100
@@ -6,6 +6,8 @@
 Makefile
 \nint
 a.out
+bash_stderr.tmp
+bash_stdout.tmp
 builtin
 en.subject.pdf
 libft

---
COMMAND: ls -l
  EXIT CODES -> Minishell: 0 | Bash: 0
  OUTPUT DIFF:
--- minishell_output.log	2025-10-24 15:14:11.604344256 +0100
+++ bash_output.log	2025-10-24 15:14:11.604344256 +0100
@@ -1,4 +1,4 @@
-total 1656
+total 1660
 -rw-r--r-- 1 pimi8522 pimi8522       0 Oct 21 16:07 "
 -rw-r--r-- 1 pimi8522 pimi8522       0 Oct 22 16:32 ">"
 -rw-r--r-- 1 pimi8522 pimi8522      20 Oct 21 16:07 '
@@ -8,6 +8,8 @@
 -rw-r--r-- 1 pimi8522 pimi8522       0 Oct 21 16:07 \nint
 -rw-r--r-- 1 pimi8522 pimi8522     416 Oct 22 14:12 a.out
 -rw-r--r-- 1 pimi8522 pimi8522     197 Oct 24 15:14 bash_output.log
+-rw-r--r-- 1 pimi8522 pimi8522       0 Oct 24 15:14 bash_stderr.tmp
+-rw-r--r-- 1 pimi8522 pimi8522       0 Oct 24 15:14 bash_stdout.tmp
 drwxr-xr-x 2 pimi8522 pimi8522    4096 Oct 24 15:13 builtin
 -rw-r--r-- 1 pimi8522 pimi8522     294 Oct 24 15:14 diff_report.log
 -rw-r--r-- 1 pimi8522 pimi8522 1582893 Sep 29 14:48 en.subject.pdf
@@ -16,7 +18,7 @@
 -rw-r--r-- 1 pimi8522 pimi8522    4261 Oct 21 14:02 minishell.h
 -rw-r--r-- 1 pimi8522 pimi8522     165 Oct 24 15:14 minishell_output.log
 -rw-r--r-- 1 pimi8522 pimi8522       0 Oct 24 15:14 minishell_stderr.tmp
--rw-r--r-- 1 pimi8522 pimi8522       0 Oct 24 15:14 minishell_stdout.tmp
+-rw-r--r-- 1 pimi8522 pimi8522    1373 Oct 24 15:14 minishell_stdout.tmp
 drwxr-xr-x 2 pimi8522 pimi8522    4096 Sep 29 14:48 pipex
 -rwxr-xr-x 1 pimi8522 pimi8522    2381 Oct 15 17:02 run_tests.sh
 drwxr-xr-x 2 pimi8522 pimi8522    4096 Oct 24 14:51 srcs

---
COMMAND: ls -l -a
  EXIT CODES -> Minishell: 0 | Bash: 0
  OUTPUT DIFF:
--- minishell_output.log	2025-10-24 15:14:11.612337048 +0100
+++ bash_output.log	2025-10-24 15:14:11.616333443 +0100
@@ -1,4 +1,4 @@
-total 1676
+total 1680
 -rw-r--r-- 1 pimi8522 pimi8522       0 Oct 21 16:07 "
 -rw-r--r-- 1 pimi8522 pimi8522       0 Oct 22 16:32 ">"
 -rw-r--r-- 1 pimi8522 pimi8522      20 Oct 21 16:07 '
@@ -13,6 +13,8 @@
 -rw-r--r-- 1 pimi8522 pimi8522       0 Oct 21 16:07 \nint
 -rw-r--r-- 1 pimi8522 pimi8522     416 Oct 22 14:12 a.out
 -rw-r--r-- 1 pimi8522 pimi8522    1509 Oct 24 15:14 bash_output.log
+-rw-r--r-- 1 pimi8522 pimi8522       0 Oct 24 15:14 bash_stderr.tmp
+-rw-r--r-- 1 pimi8522 pimi8522       0 Oct 24 15:14 bash_stdout.tmp
 drwxr-xr-x 2 pimi8522 pimi8522    4096 Oct 24 15:13 builtin
 -rw-r--r-- 1 pimi8522 pimi8522    1793 Oct 24 15:14 diff_report.log
 -rw-r--r-- 1 pimi8522 pimi8522 1582893 Sep 29 14:48 en.subject.pdf
@@ -21,7 +23,7 @@
 -rw-r--r-- 1 pimi8522 pimi8522    4261 Oct 21 14:02 minishell.h
 -rw-r--r-- 1 pimi8522 pimi8522    1373 Oct 24 15:14 minishell_output.log
 -rw-r--r-- 1 pimi8522 pimi8522       0 Oct 24 15:14 minishell_stderr.tmp
--rw-r--r-- 1 pimi8522 pimi8522       0 Oct 24 15:14 minishell_stdout.tmp
+-rw-r--r-- 1 pimi8522 pimi8522    1662 Oct 24 15:14 minishell_stdout.tmp
 drwxr-xr-x 2 pimi8522 pimi8522    4096 Sep 29 14:48 pipex
 -rwxr-xr-x 1 pimi8522 pimi8522    2381 Oct 15 17:02 run_tests.sh
 drwxr-xr-x 2 pimi8522 pimi8522    4096 Oct 24 14:51 srcs

---
COMMAND: env
  EXIT CODES -> Minishell: 0 | Bash: 0
  OUTPUT DIFF:
--- minishell_output.log	2025-10-24 15:14:11.656297397 +0100
+++ bash_output.log	2025-10-24 15:14:11.656297397 +0100
@@ -36,4 +36,4 @@
 PULSE_SERVER=unix:/mnt/wslg/PulseServer
 TERM_PROGRAM=vscode
 VSCODE_IPC_HOOK_CLI=/run/user/1000/vscode-ipc-8f02d560-c7a7-4164-b7ce-5a93375e7175.sock
-_=./minishell
+_=/usr/bin/env

---
COMMAND: export INVALID-VAR=123
  EXIT CODES -> Minishell: 1 | Bash: 1
  OUTPUT DIFF:
--- minishell_output.log	2025-10-24 15:14:11.712246934 +0100
+++ bash_output.log	2025-10-24 15:14:11.716243330 +0100
@@ -1 +1 @@
-minishell: export: `INVALID-VAR=123': not a valid identifier
+./run_tests.sh: line 39: export: `INVALID-VAR=123': not a valid identifier

---
COMMAND: mkdir test_dir
  EXIT CODES -> Minishell: 0 | Bash: 1
  OUTPUT DIFF:
--- minishell_output.log	2025-10-24 15:14:11.744218098 +0100
+++ bash_output.log	2025-10-24 15:14:11.744218098 +0100
@@ -0,0 +1 @@
+mkdir: cannot create directory ‘test_dir’: File exists

---
COMMAND: rmdir test_dir
  EXIT CODES -> Minishell: 0 | Bash: 1
  OUTPUT DIFF:
--- minishell_output.log	2025-10-24 15:14:11.772192866 +0100
+++ bash_output.log	2025-10-24 15:14:11.776189262 +0100
@@ -0,0 +1 @@
+rmdir: failed to remove 'test_dir': No such file or directory

---
COMMAND: cd -
  EXIT CODES -> Minishell: 1 | Bash: 1
  OUTPUT DIFF:
--- minishell_output.log	2025-10-24 15:14:11.820149613 +0100
+++ bash_output.log	2025-10-24 15:14:11.820149613 +0100
@@ -1 +1 @@
-minishell: cd: OLDPWD not set
+./run_tests.sh: line 39: cd: OLDPWD not set

---
COMMAND: echo "This is an unclosed quote
  EXIT CODES -> Minishell: 2 | Bash: 2
  OUTPUT DIFF:
--- minishell_output.log	2025-10-24 15:14:11.888088336 +0100
+++ bash_output.log	2025-10-24 15:14:11.888088336 +0100
@@ -1 +1 @@
-minishell: unexpected EOF while looking for matching `"'
+./run_tests.sh: eval: line 39: unexpected EOF while looking for matching `"'

---
COMMAND: echo 'This is another unclosed quote
  EXIT CODES -> Minishell: 2 | Bash: 2
  OUTPUT DIFF:
--- minishell_output.log	2025-10-24 15:14:11.896081127 +0100
+++ bash_output.log	2025-10-24 15:14:11.896081127 +0100
@@ -1 +1 @@
-minishell: unexpected EOF while looking for matching `''
+./run_tests.sh: eval: line 39: unexpected EOF while looking for matching `''

---
COMMAND: rm outfile.txt file_list.txt
  EXIT CODES -> Minishell: 0 | Bash: 1
  OUTPUT DIFF:
--- minishell_output.log	2025-10-24 15:14:11.952030664 +0100
+++ bash_output.log	2025-10-24 15:14:11.952030664 +0100
@@ -0,0 +1,2 @@
+rm: cannot remove 'outfile.txt': No such file or directory
+rm: cannot remove 'file_list.txt': No such file or directory

---
COMMAND: echo -e "line 1\nline 2" | cat << EOF
  EXIT CODES -> Minishell: 0 | Bash: 0
  OUTPUT DIFF:
--- minishell_output.log	2025-10-24 15:14:11.960023455 +0100
+++ bash_output.log	2025-10-24 15:14:11.964019850 +0100
@@ -1 +1 @@
-> minishell: warning: here-document delimited by end-of-file (wanted `EOF')
+./run_tests.sh: line 39: warning: here-document at line 39 delimited by end-of-file (wanted `EOF')

---
COMMAND: echo '$USER should not be expanded' | cat << "EOF"
  EXIT CODES -> Minishell: 0 | Bash: 0
  OUTPUT DIFF:
--- minishell_output.log	2025-10-24 15:14:11.972012641 +0100
+++ bash_output.log	2025-10-24 15:14:11.976009036 +0100
@@ -1 +1 @@
-> minishell: warning: here-document delimited by end-of-file (wanted `EOF')
+./run_tests.sh: line 39: warning: here-document at line 39 delimited by end-of-file (wanted `EOF')

---
COMMAND: rm file1 file2
  EXIT CODES -> Minishell: 0 | Bash: 1
  OUTPUT DIFF:
--- minishell_output.log	2025-10-24 15:14:12.019975228 +0100
+++ bash_output.log	2025-10-24 15:14:12.019975228 +0100
@@ -0,0 +1,2 @@
+rm: cannot remove 'file1': No such file or directory
+rm: cannot remove 'file2': No such file or directory

---
COMMAND: cat < no_such_file
  EXIT CODES -> Minishell: 1 | Bash: 1
  OUTPUT DIFF:
--- minishell_output.log	2025-10-24 15:14:12.027971149 +0100
+++ bash_output.log	2025-10-24 15:14:12.027971149 +0100
@@ -1,2 +1 @@
-minishell: no_such_file: No such file or directory
-minishell: dup2: Bad file descriptor
+./run_tests.sh: line 39: no_such_file: No such file or directory

